<?xml version="1.0" encoding="UTF-8"?>
<!-- Generated by org.testng.reporters.JUnitXMLReporter -->
<testsuite hostname="Supermans-MacBook-Air.local" ignored="0" name="Default test" tests="5" failures="0" timestamp="2021-03-01T01:20:12 IST" time="39.357" errors="0">
  <testcase name="setup" time="11.206" classname="com.flipkart.tests.LoignTest"/>
  <testcase name="login" time="4.458" classname="com.flipkart.tests.LoignTest"/>
  <testcase name="search_Product" time="4.324" classname="com.flipkart.tests.LoignTest"/>
  <testcase name="add_product_cart" time="13.31" classname="com.flipkart.tests.LoignTest"/>
  <testcase name="logout" time="5.974" classname="com.flipkart.tests.LoignTest"/>
</testsuite> <!-- Default test -->
