<?xml version="1.0" encoding="UTF-8"?>
<testng-results skipped="0" failed="0" ignored="0" total="5" passed="5">
  <reporter-output>
  </reporter-output>
  <suite name="Default suite" duration-ms="39357" started-at="2021-03-01T01:19:28 IST" finished-at="2021-03-01T01:20:07 IST">
    <groups>
    </groups>
    <test name="Default test" duration-ms="39357" started-at="2021-03-01T01:19:28 IST" finished-at="2021-03-01T01:20:07 IST">
      <class name="com.flipkart.tests.LoignTest">
        <test-method status="PASS" signature="setup()[pri:1, instance:com.flipkart.tests.LoignTest@76f2b07d]" name="setup" duration-ms="11206" started-at="2021-03-01T01:19:28 IST" finished-at="2021-03-01T01:19:39 IST">
          <reporter-output>
          </reporter-output>
        </test-method> <!-- setup -->
        <test-method status="PASS" signature="login(java.lang.String, java.lang.String)[pri:2, instance:com.flipkart.tests.LoignTest@76f2b07d]" name="login" duration-ms="4458" started-at="2021-03-01T01:19:39 IST" data-provider="login credentials" finished-at="2021-03-01T01:19:44 IST">
          <params>
            <param index="0">
              <value>
                <![CDATA[7999142525]]>
              </value>
            </param>
            <param index="1">
              <value>
                <![CDATA[gaurav89820]]>
              </value>
            </param>
          </params>
          <reporter-output>
          </reporter-output>
        </test-method> <!-- login -->
        <test-method status="PASS" signature="search_Product()[pri:3, instance:com.flipkart.tests.LoignTest@76f2b07d]" name="search_Product" duration-ms="4324" started-at="2021-03-01T01:19:44 IST" finished-at="2021-03-01T01:19:48 IST">
          <reporter-output>
          </reporter-output>
        </test-method> <!-- search_Product -->
        <test-method status="PASS" signature="add_product_cart()[pri:4, instance:com.flipkart.tests.LoignTest@76f2b07d]" name="add_product_cart" duration-ms="13310" started-at="2021-03-01T01:19:48 IST" finished-at="2021-03-01T01:20:01 IST">
          <reporter-output>
          </reporter-output>
        </test-method> <!-- add_product_cart -->
        <test-method status="PASS" signature="logout()[pri:5, instance:com.flipkart.tests.LoignTest@76f2b07d]" name="logout" duration-ms="5974" started-at="2021-03-01T01:20:01 IST" finished-at="2021-03-01T01:20:07 IST">
          <reporter-output>
          </reporter-output>
        </test-method> <!-- logout -->
      </class> <!-- com.flipkart.tests.LoignTest -->
    </test> <!-- Default test -->
  </suite> <!-- Default suite -->
</testng-results>
